[[[1229   63]
  [  48  151]]

 [[1378    9]
  [  22   82]]

 [[1340   25]
  [  31   95]]

 [[1245   53]
  [  60  133]]

 [[1281   31]
  [  22  157]]

 [[1348   30]
  [  24   89]]

 [[1351   34]
  [  48   58]]

 [[1337   11]
  [  37  106]]

 [[1359   24]
  [  33   75]]

 [[1284   17]
  [  24  166]]

 [[1378   23]
  [  22   68]]

 [[1355   21]
  [  28   87]]

 [[1359   19]
  [  11  102]]

 [[1322   39]
  [  53   77]]

 [[1391   13]
  [  22   65]]

 [[1212   53]
  [  80  146]]]
/mnt/sdb/projects/topic_classification/venv/lib/python3.8/site-packages/sklearn/metrics/_classification.py:1327: UndefinedMetricWarning: Precision and F-score are ill-defined and being set to 0.0 in samples with no predicted labels. Use `zero_division` parameter to control this behavior.
  _warn_prf(average, modifier, msg_start, len(result))
                                                                                                                                  precision    recall  f1-score   support

business/economy: trade, inflation, entrepreneur, bank, vat tax, remittance, budget, stock exchange, export-import, unemployment       0.71      0.76      0.73       199
                                                                           politics - student: chhatrodol, chhatroleague, shibir       0.90      0.79      0.84       104
                                                                                                        politics - international       0.79      0.75      0.77       126
                                         crime/cybercrime: kishor gang, suicide, eve-teasing, drugs, hijacking, harassment, hack       0.72      0.69      0.70       193
                                         development/projects: mega projects, padma bridge, metro rail, disaster relief, charity       0.84      0.88      0.86       179
                                                                                                                       education       0.75      0.79      0.77       113
                                                                                                              science/technology       0.63      0.55      0.59       106
                                                                                                                   entertainment       0.91      0.74      0.82       143
                                                                                                                          health       0.76      0.69      0.72       108
                                                                                                                          sports       0.91      0.87      0.89       190
                                                                                                                        accident       0.75      0.76      0.75        90
                                                             political parties: gono adhikar parishad, bnp, awami league, jamaat       0.81      0.76      0.78       115
                                                                                                                        religion       0.84      0.90      0.87       113
                                                                                                             politics - national       0.66      0.59      0.63       130
                                                                                                                        election       0.83      0.75      0.79        87
                                                                                                                      corruption       0.73      0.65      0.69       226

                                                                                                                       micro avg       0.78      0.75      0.76      2222
                                                                                                                       macro avg       0.78      0.74      0.76      2222
                                                                                                                    weighted avg       0.78      0.75      0.76      2222
                                                                                                                     samples avg       0.79      0.78      0.77      2222